
日志时间：2022-02-16 11:49:08,192 [18] 
日志级别：INFO  
Hello.GetEcho
入参:{"name":"helloWorld"} 
 
日志时间：2022-02-16 11:49:32,387 [18] 
日志级别：INFO  
Hello.GetEcho
出参:{"Name":"helloWorld","Message":"Hello, helloWorld"} 
 
日志时间：2022-02-16 11:53:04,972 [22] 
日志级别：INFO  
Hello.GetEcho
入参:{"name":"helloWorld"} 
 
日志时间：2022-02-16 11:53:07,185 [22] 
日志级别：INFO  
Hello.GetEcho
出参:{"Name":"helloWorld","Message":"Hello, helloWorld"} 
 
日志时间：2022-02-16 12:13:11,631 [11] 
日志级别：INFO  
Hello.GetEcho
入参:{"name":"helloWorld"} 
 
日志时间：2022-02-16 12:17:22,304 [9] 
日志级别：INFO  
Hello.GetEcho
入参:{"name":"helloWorld"} 
 
日志时间：2022-02-16 12:17:30,009 [9] 
日志级别：INFO  
Hello.GetEcho
出参:{"Name":"helloWorld","Message":"Hello, helloWorld"} 
 
日志时间：2022-02-16 12:26:54,605 [12] 
日志级别：INFO  
Hello.GetEcho
入参:{"name":"helloWorld"} 
 
日志时间：2022-02-16 12:26:59,540 [12] 
日志级别：INFO  
Hello.GetEcho
出参:{"Name":"helloWorld","Message":"Hello, helloWorld"} 
 
日志时间：2022-02-16 12:28:18,846 [10] 
日志级别：INFO  
Hello.GetEcho
入参:{"name":"helloWorld"} 
 
日志时间：2022-02-16 13:42:29,600 [10] 
日志级别：INFO  
Hello.GetEcho
入参:{"name":"helloWorld"} 
 
日志时间：2022-02-16 13:42:35,920 [10] 
日志级别：INFO  
Hello.GetEcho
出参:{"Name":"helloWorld","Message":"Hello, helloWorld"} 
 
日志时间：2022-02-16 14:09:29,096 [9] 
日志级别：INFO  
Hello.GetEcho
入参:{"name":"helloWorld"} 
 
日志时间：2022-02-16 14:09:33,852 [9] 
日志级别：INFO  
Hello.GetEcho
出参:{"Name":"helloWorld","Message":"Hello, helloWorld"} 
 
日志时间：2022-02-16 14:11:07,611 [10] 
日志级别：INFO  
Hello.GetEcho
入参:{"name":"helloWorld"} 
 
日志时间：2022-02-16 14:11:26,994 [10] 
日志级别：INFO  
Hello.GetEcho
出参:{"Name":"helloWorld","Message":"Hello, helloWorld"} 
 
日志时间：2022-02-16 14:25:21,228 [12] 
日志级别：INFO  
Hello.Helloworld
入参:{} 
 
日志时间：2022-02-16 14:25:26,821 [12] 
日志级别：INFO  
Hello.Helloworld
出参:{"Name":"测试","Message":"Hello, world！"} 
 
日志时间：2022-02-16 14:55:17,859 [12] 
日志级别：INFO  
Hello.Send
入参:{} 
 
日志时间：2022-02-16 14:55:29,026 [12] 
日志级别：INFO  
Hello.Send
出参:hello post 
 
日志时间：2022-02-16 14:55:51,821 [12] 
日志级别：INFO  
Hello.Send
入参:{} 
 
日志时间：2022-02-16 14:55:53,754 [12] 
日志级别：INFO  
Hello.Send
出参:hello post 
 
日志时间：2022-02-16 14:58:46,313 [11] 
日志级别：INFO  
Hello.Send
入参:{"message":{}} 
 
日志时间：2022-02-16 14:59:05,153 [11] 
日志级别：INFO  
Hello.Send
出参:System.Object 
 
日志时间：2022-02-16 14:59:32,003 [12] 
日志级别：INFO  
Hello.Send
入参:{"message":{}} 
 
日志时间：2022-02-16 14:59:57,384 [12] 
日志级别：INFO  
Hello.Send
出参:System.Object 
 
日志时间：2022-02-16 15:00:17,860 [18] 
日志级别：INFO  
Hello.Send
入参:{"message":{}} 
 
日志时间：2022-02-16 15:00:20,695 [18] 
日志级别：INFO  
Hello.Send
出参:System.Object 
 
日志时间：2022-02-16 15:01:56,181 [17] 
日志级别：INFO  
Hello.SendMessage
入参:{"message":{}} 
 
日志时间：2022-02-16 15:01:56,183 [17] 
日志级别：INFO  
Hello.SendMessage
出参:System.Object 
 
日志时间：2022-02-16 15:02:27,872 [21] 
日志级别：INFO  
Hello.SendMessage
入参:{"message":{}} 
 
日志时间：2022-02-16 15:02:33,028 [21] 
日志级别：INFO  
Hello.SendMessage
出参:System.Object 
 
日志时间：2022-02-16 15:02:47,691 [23] 
日志级别：INFO  
Hello.SendMessage
入参:{"message":{}} 
 
日志时间：2022-02-16 15:02:50,133 [23] 
日志级别：INFO  
Hello.SendMessage
出参:System.Object 
 
日志时间：2022-02-16 15:03:34,957 [21] 
日志级别：INFO  
Hello.SendMessage
入参:{"message":{}} 
 
日志时间：2022-02-16 15:05:55,654 [21] 
日志级别：INFO  
Hello.SendMessage
出参:System.Object 
 
日志时间：2022-02-16 15:07:00,081 [11] 
日志级别：INFO  
Hello.SendMessage
入参:{"message":null} 
 
日志时间：2022-02-16 15:07:40,243 [6] 
日志级别：INFO  
Hello.SendMessage
入参:{"message":null} 
 
日志时间：2022-02-16 15:09:24,240 [6] 
日志级别：INFO  
Hello.SendMessage
入参:{"message":"23432"} 
 
日志时间：2022-02-16 15:09:28,645 [6] 
日志级别：INFO  
Hello.SendMessage
出参:23432 
 
日志时间：2022-02-16 15:12:24,378 [9] 
日志级别：INFO  
Hello.SendMessage
入参:{"message":null} 
 
日志时间：2022-02-16 15:13:29,668 [12] 
日志级别：INFO  
Hello.SendMessage
入参:{"message":null} 
 
日志时间：2022-02-16 15:14:19,459 [13] 
日志级别：INFO  
ShangHaiYb.SendRcv4
入参:{"message":{}} 
 
日志时间：2022-02-16 15:14:58,178 [13] 
日志级别：ERROR 
调用上海医保动态库异常 
 System.IO.DirectoryNotFoundException: 未能找到路径“E:\OpenSource\WebRunLocal-master\WebRunLocal\bin\Debug\Plugins\Shanghaiyb”的一部分。
   在 System.IO.__Error.WinIOError(Int32 errorCode, String maybeFullPath)
   在 System.IO.Directory.SetCurrentDirectory(String path)
   在 WebRunLocal.Controllers.ShangHaiYbController.SendRcv4(Object message) 位置 e:\OpenSource\WebRunLocal-master\WebRunLocal\Controllers\ShangHaiYbController.cs:行号 44

日志时间：2022-02-16 15:15:16,115 [13] 
日志级别：INFO  
ShangHaiYb.SendRcv4
出参:{
  "xxfhm": "500",
  "fhxx": "调用医保动态库失败,原因:未能找到路径“E:\\OpenSource\\WebRunLocal-master\\WebRunLocal\\bin\\Debug\\Plugins\\Shanghaiyb”的一部分。"
} 
 
日志时间：2022-02-16 15:20:06,125 [18] 
日志级别：INFO  
ShangHaiYb.SendRcv4
入参:{"message":{}} 
 
日志时间：2022-02-16 15:20:57,404 [6] 
日志级别：INFO  
ShangHaiYb.SendRcv4
入参:{"message":{}} 
 
日志时间：2022-02-16 15:21:37,020 [6] 
日志级别：ERROR 
调用上海医保动态库异常 
 System.DllNotFoundException: 无法加载 DLL“SendRcv4.dll”: 找不到指定的模块。 (异常来自 HRESULT:0x8007007E)。
   在 WebRunLocal.Controllers.ShangHaiYbController.SendRcv4(IntPtr startParams, IntPtr input, IntPtr outstr)
   在 WebRunLocal.Controllers.ShangHaiYbController.SendRcv4(Object message) 位置 e:\OpenSource\WebRunLocal-master\WebRunLocal\Controllers\ShangHaiYbController.cs:行号 46

日志时间：2022-02-16 15:21:39,443 [6] 
日志级别：INFO  
ShangHaiYb.SendRcv4
出参:{
  "xxfhm": "500",
  "fhxx": "调用医保动态库失败,原因:无法加载 DLL“SendRcv4.dll”: 找不到指定的模块。 (异常来自 HRESULT:0x8007007E)。"
} 
 
日志时间：2022-02-16 15:27:55,218 [6] 
日志级别：INFO  
ShangHaiYb.SendRcv4
入参:{"message":{}} 
 
日志时间：2022-02-16 15:28:06,434 [6] 
日志级别：ERROR 
调用上海医保动态库异常 
 System.DllNotFoundException: 无法加载 DLL“SendRcv4.dll”: 找不到指定的模块。 (异常来自 HRESULT:0x8007007E)。
   在 WebRunLocal.Controllers.ShangHaiYbController.SendRcv4(IntPtr startParams, IntPtr input, IntPtr outstr)
   在 WebRunLocal.Controllers.ShangHaiYbController.SendRcv4(Object message) 位置 e:\OpenSource\WebRunLocal-master\WebRunLocal\Controllers\ShangHaiYbController.cs:行号 46

日志时间：2022-02-16 15:28:07,892 [6] 
日志级别：INFO  
ShangHaiYb.SendRcv4
出参:{
  "xxfhm": "500",
  "fhxx": "调用医保动态库失败,原因:无法加载 DLL“SendRcv4.dll”: 找不到指定的模块。 (异常来自 HRESULT:0x8007007E)。"
} 
 
日志时间：2022-02-16 15:34:37,428 [6] 
日志级别：INFO  
ShangHaiYb.SendRcv4
入参:{"message":null} 
 
日志时间：2022-02-16 15:35:20,099 [12] 
日志级别：INFO  
ShangHaiYb.SendRcv4
入参:{"message":null} 
 
日志时间：2022-02-16 15:35:31,161 [12] 
日志级别：INFO  
ShangHaiYb.SendRcv4
入参:{"message":null} 
 
日志时间：2022-02-16 15:37:08,559 [14] 
日志级别：INFO  
ShangHaiYb.SendRcv4
入参:{"message":null} 
 
日志时间：2022-02-16 15:37:33,372 [15] 
日志级别：INFO  
ShangHaiYb.SendRcv4
入参:{"message":null} 
 
日志时间：2022-02-16 15:38:08,355 [15] 
日志级别：INFO  
ShangHaiYb.SendRcv4
入参:{"message":null} 
 
日志时间：2022-02-16 15:38:46,056 [15] 
日志级别：INFO  
ShangHaiYb.SendRcv4
入参:{"message":null} 
 
日志时间：2022-02-16 15:42:27,874 [10] 
日志级别：INFO  
ShangHaiYb.SendRcv4
入参:{"message":{"message":"232323"}} 
 
日志时间：2022-02-16 15:43:06,749 [10] 
日志级别：ERROR 
调用上海医保动态库异常 
 System.DllNotFoundException: 无法加载 DLL“SendRcv4.dll”: 找不到指定的模块。 (异常来自 HRESULT:0x8007007E)。
   在 WebRunLocal.Controllers.ShangHaiYbController.SendRcv4(IntPtr startParams, IntPtr input, IntPtr outstr)
   在 WebRunLocal.Controllers.ShangHaiYbController.SendRcv4(Object message) 位置 e:\OpenSource\WebRunLocal-master\WebRunLocal\Controllers\ShangHaiYbController.cs:行号 46

日志时间：2022-02-16 15:43:06,841 [10] 
日志级别：INFO  
ShangHaiYb.SendRcv4
出参:{
  "xxfhm": "500",
  "fhxx": "调用医保动态库失败,原因:无法加载 DLL“SendRcv4.dll”: 找不到指定的模块。 (异常来自 HRESULT:0x8007007E)。"
} 
 
日志时间：2022-02-16 15:43:44,438 [10] 
日志级别：INFO  
Hello.SendMessage
入参:{"message":null} 
 
日志时间：2022-02-16 15:43:51,564 [10] 
日志级别：INFO  
Hello.SendMessage
入参:{"message":null} 
 
日志时间：2022-02-16 15:44:17,904 [10] 
日志级别：INFO  
Hello.SendMessage
入参:{"message":null} 
 
日志时间：2022-02-16 15:44:45,135 [16] 
日志级别：INFO  
Hello.SendMessage
入参:{"message":null} 
 
日志时间：2022-02-16 15:44:58,549 [10] 
日志级别：INFO  
Hello.SendMessage
入参:{"message":null} 
 
日志时间：2022-02-16 15:45:41,114 [10] 
日志级别：INFO  
ShangHaiYb.SendRcv4
入参:{"message":null} 
 
日志时间：2022-02-16 15:48:43,329 [17] 
日志级别：INFO  
ShangHaiYb.SendRcv4
入参:{"message":{"message":"232323"}} 
 
日志时间：2022-02-16 15:48:53,234 [17] 
日志级别：ERROR 
调用上海医保动态库异常 
 System.DllNotFoundException: 无法加载 DLL“SendRcv4.dll”: 找不到指定的模块。 (异常来自 HRESULT:0x8007007E)。
   在 WebRunLocal.Controllers.ShangHaiYbController.SendRcv4(IntPtr startParams, IntPtr input, IntPtr outstr)
   在 WebRunLocal.Controllers.ShangHaiYbController.SendRcv4(Object message) 位置 e:\OpenSource\WebRunLocal-master\WebRunLocal\Controllers\ShangHaiYbController.cs:行号 46

日志时间：2022-02-16 15:48:53,239 [17] 
日志级别：INFO  
ShangHaiYb.SendRcv4
出参:{
  "xxfhm": "500",
  "fhxx": "调用医保动态库失败,原因:无法加载 DLL“SendRcv4.dll”: 找不到指定的模块。 (异常来自 HRESULT:0x8007007E)。"
} 
 
日志时间：2022-02-16 15:49:19,928 [18] 
日志级别：INFO  
ShangHaiYb.SendRcv4
入参:{"message":{"message":"232323"}} 
 
日志时间：2022-02-16 15:49:23,373 [18] 
日志级别：ERROR 
调用上海医保动态库异常 
 System.DllNotFoundException: 无法加载 DLL“SendRcv4.dll”: 找不到指定的模块。 (异常来自 HRESULT:0x8007007E)。
   在 WebRunLocal.Controllers.ShangHaiYbController.SendRcv4(IntPtr startParams, IntPtr input, IntPtr outstr)
   在 WebRunLocal.Controllers.ShangHaiYbController.SendRcv4(Object message) 位置 e:\OpenSource\WebRunLocal-master\WebRunLocal\Controllers\ShangHaiYbController.cs:行号 46

日志时间：2022-02-16 15:49:23,378 [18] 
日志级别：INFO  
ShangHaiYb.SendRcv4
出参:{
  "xxfhm": "500",
  "fhxx": "调用医保动态库失败,原因:无法加载 DLL“SendRcv4.dll”: 找不到指定的模块。 (异常来自 HRESULT:0x8007007E)。"
} 
 
日志时间：2022-02-16 15:50:01,274 [23] 
日志级别：INFO  
ShangHaiYb.SendRcv4
入参:{"message":{"message":"232323"}} 
 
日志时间：2022-02-16 15:50:02,614 [23] 
日志级别：ERROR 
调用上海医保动态库异常 
 System.DllNotFoundException: 无法加载 DLL“SendRcv4.dll”: 找不到指定的模块。 (异常来自 HRESULT:0x8007007E)。
   在 WebRunLocal.Controllers.ShangHaiYbController.SendRcv4(IntPtr startParams, IntPtr input, IntPtr outstr)
   在 WebRunLocal.Controllers.ShangHaiYbController.SendRcv4(Object message) 位置 e:\OpenSource\WebRunLocal-master\WebRunLocal\Controllers\ShangHaiYbController.cs:行号 46

日志时间：2022-02-16 15:50:02,619 [23] 
日志级别：INFO  
ShangHaiYb.SendRcv4
出参:{
  "xxfhm": "500",
  "fhxx": "调用医保动态库失败,原因:无法加载 DLL“SendRcv4.dll”: 找不到指定的模块。 (异常来自 HRESULT:0x8007007E)。"
} 
 
日志时间：2022-02-16 15:50:16,570 [18] 
日志级别：INFO  
Hello.SendMessage
入参:{"message":null} 
 
日志时间：2022-02-16 15:50:50,159 [23] 
日志级别：INFO  
ShangHaiYb.SendRcv4
入参:{"message":{"message":"232323"}} 
 
日志时间：2022-02-16 15:50:53,426 [23] 
日志级别：ERROR 
调用上海医保动态库异常 
 System.DllNotFoundException: 无法加载 DLL“SendRcv4.dll”: 找不到指定的模块。 (异常来自 HRESULT:0x8007007E)。
   在 WebRunLocal.Controllers.ShangHaiYbController.SendRcv4(IntPtr startParams, IntPtr input, IntPtr outstr)
   在 WebRunLocal.Controllers.ShangHaiYbController.SendRcv4(Object message) 位置 e:\OpenSource\WebRunLocal-master\WebRunLocal\Controllers\ShangHaiYbController.cs:行号 46

日志时间：2022-02-16 15:50:53,431 [23] 
日志级别：INFO  
ShangHaiYb.SendRcv4
出参:{
  "xxfhm": "500",
  "fhxx": "调用医保动态库失败,原因:无法加载 DLL“SendRcv4.dll”: 找不到指定的模块。 (异常来自 HRESULT:0x8007007E)。"
} 
 
日志时间：2022-02-16 15:51:50,659 [11] 
日志级别：INFO  
ShangHaiYb.SendRcv4
入参:{"message":{"message":"232323"}} 
 
日志时间：2022-02-16 15:51:55,004 [11] 
日志级别：ERROR 
调用上海医保动态库异常 
 System.DllNotFoundException: 无法加载 DLL“SendRcv4.dll”: 找不到指定的模块。 (异常来自 HRESULT:0x8007007E)。
   在 WebRunLocal.Controllers.ShangHaiYbController.SendRcv4(IntPtr startParams, IntPtr input, IntPtr outstr)
   在 WebRunLocal.Controllers.ShangHaiYbController.SendRcv4(Object message) 位置 e:\OpenSource\WebRunLocal-master\WebRunLocal\Controllers\ShangHaiYbController.cs:行号 46

日志时间：2022-02-16 15:51:55,108 [11] 
日志级别：INFO  
ShangHaiYb.SendRcv4
出参:{
  "xxfhm": "500",
  "fhxx": "调用医保动态库失败,原因:无法加载 DLL“SendRcv4.dll”: 找不到指定的模块。 (异常来自 HRESULT:0x8007007E)。"
} 
 
日志时间：2022-02-16 15:52:00,943 [11] 
日志级别：INFO  
Hello.SendMessage
入参:{"message":{"message":"232323"}} 
 
日志时间：2022-02-16 15:52:04,134 [11] 
日志级别：INFO  
Hello.SendMessage
出参:{
  "message": "232323"
} 
 
日志时间：2022-02-16 15:52:45,395 [11] 
日志级别：INFO  
Hello.SendMessage
入参:{"message":{"message":"232323"}} 
 
日志时间：2022-02-16 15:52:52,361 [11] 
日志级别：INFO  
Hello.SendMessage
出参:{
  "message": "232323"
} 
 
日志时间：2022-02-16 15:53:05,954 [11] 
日志级别：INFO  
Hello.SendMessage
入参:{"message":{"message":"hellowersadfsd"}} 
 
日志时间：2022-02-16 15:53:05,955 [11] 
日志级别：INFO  
Hello.SendMessage
出参:{
  "message": "hellowersadfsd"
} 
 
日志时间：2022-02-16 15:53:35,180 [17] 
日志级别：INFO  
ShangHaiYb.SendRcv4
入参:{"message":{"message":"232323"}} 
 
日志时间：2022-02-16 15:53:41,600 [17] 
日志级别：ERROR 
调用上海医保动态库异常 
 System.DllNotFoundException: 无法加载 DLL“SendRcv4.dll”: 找不到指定的模块。 (异常来自 HRESULT:0x8007007E)。
   在 WebRunLocal.Controllers.ShangHaiYbController.SendRcv4(IntPtr startParams, IntPtr input, IntPtr outstr)
   在 WebRunLocal.Controllers.ShangHaiYbController.SendRcv4(Object message) 位置 e:\OpenSource\WebRunLocal-master\WebRunLocal\Controllers\ShangHaiYbController.cs:行号 46

日志时间：2022-02-16 15:53:41,605 [17] 
日志级别：INFO  
ShangHaiYb.SendRcv4
出参:{
  "xxfhm": "500",
  "fhxx": "调用医保动态库失败,原因:无法加载 DLL“SendRcv4.dll”: 找不到指定的模块。 (异常来自 HRESULT:0x8007007E)。"
} 
 
日志时间：2022-02-16 16:11:36,714 [9] 
日志级别：INFO  
MessageBox.Show
入参:{} 
 
日志时间：2022-02-16 16:12:00,746 [9] 
日志级别：INFO  
MessageBox.Show
出参:调用成功 
 
日志时间：2022-02-16 16:12:10,123 [9] 
日志级别：INFO  
MessageBox.Show
入参:{} 
 
日志时间：2022-02-16 16:12:11,506 [9] 
日志级别：INFO  
MessageBox.Show
出参:调用成功 
 
日志时间：2022-02-16 18:54:07,816 [11] 
日志级别：INFO  
MessageBox.Show
入参:{} 
 
日志时间：2022-02-16 18:54:09,952 [11] 
日志级别：INFO  
MessageBox.Show
出参:调用成功 
 
日志时间：2022-02-16 18:58:17,856 [11] 
日志级别：INFO  
MessageBox.Show
入参:{} 
 
日志时间：2022-02-16 18:58:20,348 [11] 
日志级别：INFO  
MessageBox.Show
出参:调用成功 
 
日志时间：2022-02-16 18:58:45,102 [3] 
日志级别：INFO  
Print.Qxdb
入参:{"message":{"message":"232323"}} 
 
日志时间：2022-02-16 18:59:00,130 [3] 
日志级别：INFO  
Print.Qxdb
出参:打印成功！ 
 
日志时间：2022-02-16 18:59:26,257 [16] 
日志级别：INFO  
Print.Qxdb
入参:{"message":{"message":"232323"}} 
 
日志时间：2022-02-16 18:59:30,221 [16] 
日志级别：INFO  
Print.Qxdb
出参:打印成功！ 
 
日志时间：2022-02-16 18:59:32,620 [15] 
日志级别：INFO  
Print.Qxdb
入参:{"message":{"message":"232323"}} 
 
日志时间：2022-02-16 18:59:36,337 [15] 
日志级别：INFO  
Print.Qxdb
出参:打印成功！ 
 
日志时间：2022-02-16 18:59:51,227 [15] 
日志级别：INFO  
Print.Qxdb
入参:{"message":{"message":"232323"}} 
 
日志时间：2022-02-16 18:59:55,307 [15] 
日志级别：INFO  
Print.Qxdb
出参:打印成功！ 
 
日志时间：2022-02-16 19:03:26,010 [9] 
日志级别：INFO  
Print.Qxdb
入参:{"message":{"message":"232323"}} 
 
日志时间：2022-02-16 19:03:30,158 [9] 
日志级别：INFO  
Print.Qxdb
出参:打印成功！ 
 